Build started 28/04/2015 07:42:29 a.m..
     1>Project "C:\Users\David\Copy\Maestria\Proyecto\PublicSecurity\PublicSecurity\PublicSecurity.vcxproj" on node 2 (Build target(s)).
     1>ClCompile:
         C:\Program Files (x86)\Microsoft Visual Studio 12.0\VC\bin\CL.exe /c /IC:\opencv\build\include /ZI /nologo /W3 /WX- /Od /Oy- /D WIN32 /D _DEBUG /D _CONSOLE /D _LIB /D _UNICODE /D UNICODE /Gm /EHsc /RTC1 /MDd /GS /fp:precise /Zc:wchar_t /Zc:forScope /Fo"Debug\\" /Fd"Debug\vc120.pdb" /Gd /TP /analyze- /errorReport:prompt ImageProcessing.cpp LPR.cpp main.cpp Coordinates.cpp Util.cpp VideoProcessing.cpp
         VideoProcessing.cpp
         Util.cpp
         Coordinates.cpp
         main.cpp
         LPR.cpp
         ImageProcessing.cpp
         Generating Code...
       Link:
         C:\Program Files (x86)\Microsoft Visual Studio 12.0\VC\bin\link.exe /ERRORREPORT:PROMPT /OUT:"C:\Users\David\Copy\Maestria\Proyecto\PublicSecurity\Debug\PublicSecurity.exe" /INCREMENTAL /NOLOGO /LIBPATH:C:\opencv\build\x86\vc12\lib opencv_calib3d2410d.lib opencv_contrib2410d.lib opencv_core2410d.lib opencv_features2d2410d.lib opencv_flann2410d.lib opencv_gpu2410d.lib opencv_highgui2410d.lib opencv_imgproc2410d.lib opencv_legacy2410d.lib opencv_ml2410d.lib opencv_nonfree2410d.lib opencv_objdetect2410d.lib opencv_photo2410d.lib opencv_stitching2410d.lib opencv_superres2410d.lib opencv_ts2410d.lib opencv_video2410d.lib opencv_videostab2410d.lib kernel32.lib user32.lib gdi32.lib winspool.lib comdlg32.lib advapi32.lib shell32.lib ole32.lib oleaut32.lib uuid.lib odbc32.lib odbccp32.lib /MANIFEST /MANIFESTUAC:"level='asInvoker' uiAccess='false'" /manifest:embed /DEBUG /PDB:"C:\Users\David\Copy\Maestria\Proyecto\PublicSecurity\Debug\PublicSecurity.pdb" /SUBSYSTEM:CONSOLE /TLBID:1 /DYNAMICBASE /NXCOMPAT /IMPLIB:"C:\Users\David\Copy\Maestria\Proyecto\PublicSecurity\Debug\PublicSecurity.lib" /MACHINE:X86 Debug\ImageProcessing.obj
         Debug\LPR.obj
         Debug\main.obj
         Debug\Coordinates.obj
         Debug\Util.obj
         Debug\VideoProcessing.obj
         PublicSecurity.vcxproj -> C:\Users\David\Copy\Maestria\Proyecto\PublicSecurity\Debug\PublicSecurity.exe
     1>Done Building Project "C:\Users\David\Copy\Maestria\Proyecto\PublicSecurity\PublicSecurity\PublicSecurity.vcxproj" (Build target(s)).

Build succeeded.

Time Elapsed 00:00:02.40
